android/app/build/intermediates/manifest_merge_blame_file/debug/manifest-merger-blame-debug-report.txt
1<?xml version="1.0" encoding="utf-8"?>
2<manifest xmlns:android="http://schemas.android.com/apk/res/android"
3    package="cc.retroshare.retroshare"
4    android:versionCode="1"
5    android:versionName="1.0.0" >
6
7    <uses-sdk
7-->src\main\AndroidManifest.xml:91:5-46
8        android:minSdkVersion="21"
9        android:targetSdkVersion="29" />
9-->src\main\AndroidManifest.xml:91:15-44
10    <!--
11         Flutter needs it to communicate with the running application
12         to allow setting breakpoints, to provide hot reload, etc.
13    -->
14    <uses-permission android:name="android.permission.INTERNET" />
14-->src\main\AndroidManifest.xml:102:5-67
14-->src\main\AndroidManifest.xml:102:22-64
15
16    <supports-screens
16-->src\main\AndroidManifest.xml:92:5-135
17        android:anyDensity="true"
17-->src\main\AndroidManifest.xml:92:80-105
18        android:largeScreens="true"
18-->src\main\AndroidManifest.xml:92:23-50
19        android:normalScreens="true"
19-->src\main\AndroidManifest.xml:92:51-79
20        android:smallScreens="true" /> <!-- Needed permission for autostart at boot -->
20-->src\main\AndroidManifest.xml:92:106-133
21    <uses-permission android:name="android.permission.RECEIVE_BOOT_COMPLETED" /> <!-- Used to access files shared by other apps -->
21-->src\main\AndroidManifest.xml:95:5-80
21-->src\main\AndroidManifest.xml:95:22-78
22    <uses-permission android:name="android.permission.CAMERA" />
22-->src\main\AndroidManifest.xml:97:5-65
22-->src\main\AndroidManifest.xml:97:22-62
23    <uses-permission android:name="android.permission.RECORD_AUDIO" />
23-->src\main\AndroidManifest.xml:98:5-71
23-->src\main\AndroidManifest.xml:98:22-68
24    <uses-permission android:name="android.permission.WRITE_EXTERNAL_STORAGE" />
24-->src\main\AndroidManifest.xml:99:5-80
24-->src\main\AndroidManifest.xml:99:22-78
25    <uses-permission android:name="android.permission.READ_EXTERNAL_STORAGE" />
25-->src\main\AndroidManifest.xml:100:5-79
25-->src\main\AndroidManifest.xml:100:22-77
26    <uses-permission android:name="android.permission.ACCESS_NETWORK_STATE" /> <!-- Location -->
26-->src\main\AndroidManifest.xml:103:5-79
26-->src\main\AndroidManifest.xml:103:22-76
27    <uses-permission android:name="android.permission.ACCESS_COARSE_LOCATION" /> <!-- /end From example app -->
27-->src\main\AndroidManifest.xml:105:5-81
27-->src\main\AndroidManifest.xml:105:22-78
28    <uses-permission android:name="android.permission.ACCESS_WIFI_STATE" />
28-->src\main\AndroidManifest.xml:108:5-76
28-->src\main\AndroidManifest.xml:108:22-73
29    <uses-permission android:name="android.permission.CHANGE_WIFI_MULTICAST_STATE" />
29-->src\main\AndroidManifest.xml:109:5-86
29-->src\main\AndroidManifest.xml:109:22-83
30    <uses-permission android:name="android.permission.READ_CONTACTS" />
30-->src\main\AndroidManifest.xml:111:5-72
30-->src\main\AndroidManifest.xml:111:22-69
31    <uses-permission android:name="android.permission.WRITE_CONTACTS" />
31-->src\main\AndroidManifest.xml:112:5-73
31-->src\main\AndroidManifest.xml:112:22-70
32    <!--
33 io.flutter.app.FlutterApplication is an android.app.Application that
34         calls FlutterMain.startInitialization(this); in its onCreate method.
35         In most cases you can leave this as-is, but you if you want to provide
36         additional functionality it is fine to subclass or reimplement
37         FlutterApplication and put your custom class here.
38    -->
39    <application
39-->src\main\AndroidManifest.xml:9:5-89:19
40        android:name="io.flutter.app.FlutterApplication"
40-->src\main\AndroidManifest.xml:10:9-57
41        android:appComponentFactory="androidx.core.app.CoreComponentFactory"
41-->[androidx.core:core:1.0.2] AndroidManifest.xml:22:18-86
42        android:debuggable="true"
43        android:icon="@mipmap/ic_launcher"
43-->src\main\AndroidManifest.xml:12:9-43
44        android:label="Retroshare" >
44-->src\main\AndroidManifest.xml:11:9-35
45        <activity
45-->src\main\AndroidManifest.xml:13:9-31:20
46            android:name="cc.retroshare.retroshare.MainActivity"
46-->src\main\AndroidManifest.xml:14:13-41
47            android:configChanges="orientation|keyboardHidden|keyboard|screenSize|locale|layoutDirection|fontScale|screenLayout|density|uiMode"
47-->src\main\AndroidManifest.xml:17:13-144
48            android:hardwareAccelerated="true"
48-->src\main\AndroidManifest.xml:18:13-47
49            android:launchMode="singleTop"
49-->src\main\AndroidManifest.xml:15:13-43
50            android:theme="@style/LaunchTheme"
50-->src\main\AndroidManifest.xml:16:13-47
51            android:windowSoftInputMode="adjustResize" >
51-->src\main\AndroidManifest.xml:19:13-55
52
53            <!--
54                 This keeps the window background of the activity showing
55                 until Flutter renders its first frame. It can be removed if
56                 there is no splash screen (such as the default splash screen
57                 defined in @style/LaunchTheme).
58            -->
59            <meta-data
59-->src\main\AndroidManifest.xml:24:13-26:40
60                android:name="io.flutter.app.android.SplashScreenUntilFirstFrame"
60-->src\main\AndroidManifest.xml:25:17-82
61                android:value="true" />
61-->src\main\AndroidManifest.xml:26:17-37
62
63            <intent-filter>
63-->src\main\AndroidManifest.xml:27:13-30:29
64                <action android:name="android.intent.action.MAIN" />
64-->src\main\AndroidManifest.xml:28:17-68
64-->src\main\AndroidManifest.xml:28:25-66
65
66                <category android:name="android.intent.category.LAUNCHER" />
66-->src\main\AndroidManifest.xml:29:17-76
66-->src\main\AndroidManifest.xml:29:27-74
67            </intent-filter>
68        </activity>
69        <!-- From example app -->
70
71        <receiver
71-->src\main\AndroidManifest.xml:34:9-38:20
72            android:name="cc.retroshare.retroshare.ServiceStart"
72-->src\main\AndroidManifest.xml:34:19-47
73            android:enabled="true" >
73-->src\main\AndroidManifest.xml:34:48-70
74            <intent-filter>
74-->src\main\AndroidManifest.xml:35:13-37:29
75                <action android:name="cc.retroshare.retroshare.start" />
75-->src\main\AndroidManifest.xml:36:17-73
75-->src\main\AndroidManifest.xml:36:25-70
76            </intent-filter>
77        </receiver>
78        <receiver
78-->src\main\AndroidManifest.xml:40:9-44:20
79            android:name="cc.retroshare.retroshare.ServiceStop"
79-->src\main\AndroidManifest.xml:40:19-46
80            android:enabled="true" >
80-->src\main\AndroidManifest.xml:40:47-69
81            <intent-filter>
81-->src\main\AndroidManifest.xml:41:13-43:29
82                <action android:name="cc.retroshare.retroshare.stop" />
82-->src\main\AndroidManifest.xml:42:17-72
82-->src\main\AndroidManifest.xml:42:25-69
83            </intent-filter>
84        </receiver>
85        <receiver
85-->src\main\AndroidManifest.xml:46:9-50:20
86            android:name="cc.retroshare.retroshare.ServiceRestart"
86-->src\main\AndroidManifest.xml:46:19-49
87            android:enabled="true" >
87-->src\main\AndroidManifest.xml:46:50-72
88            <intent-filter>
88-->src\main\AndroidManifest.xml:47:13-49:29
89                <action android:name="cc.retroshare.retroshare.restart" />
89-->src\main\AndroidManifest.xml:48:17-75
89-->src\main\AndroidManifest.xml:48:25-72
90            </intent-filter>
91        </receiver>
92
93        <!--
94          For adding service(s) please check:
95          ++ https://wiki.qt.io/AndroidServices
96        -->
97        <service
97-->src\main\AndroidManifest.xml:54:9-87:19
98            android:name="cc.retroshare.retroshare.RetroShareServiceAndroid"
98-->src\main\AndroidManifest.xml:54:18-58
99            android:label="RetroShare Service"
99-->src\main\AndroidManifest.xml:54:59-93
100            android:process=":rs" > <!-- android:exported="true" android:process=":rs" -->
100-->src\main\AndroidManifest.xml:54:94-115
101            <!--
102              android:exported="true" must be added to be able to run the service
103              ++ from adb shell
104              ++ android:process=":rs" is needed to force the service to run on
105              ++ a separate process than the Activity
106            -->
107
108
109            <!-- Qt Application to launch -->
110            <meta-data
110-->src\main\AndroidManifest.xml:61:13-96
111                android:name="android.app.lib_name"
111-->src\main\AndroidManifest.xml:61:24-59
112                android:value="retroshare-service" />
112-->src\main\AndroidManifest.xml:61:60-94
113
114            <!-- Ministro -->
115            <meta-data
115-->src\main\AndroidManifest.xml:64:13-112
116                android:name="android.app.qt_sources_resource_id"
116-->src\main\AndroidManifest.xml:64:24-73
117                android:resource="@array/qt_sources" />
117-->src\main\AndroidManifest.xml:64:74-110
118            <meta-data
118-->src\main\AndroidManifest.xml:65:13-87
119                android:name="android.app.repository"
119-->src\main\AndroidManifest.xml:65:24-61
120                android:value="default" />
120-->src\main\AndroidManifest.xml:65:62-85
121            <meta-data
121-->src\main\AndroidManifest.xml:66:13-106
122                android:name="android.app.qt_libs_resource_id"
122-->src\main\AndroidManifest.xml:66:24-70
123                android:resource="@array/qt_libs" />
123-->src\main\AndroidManifest.xml:66:71-104
124            <meta-data
124-->src\main\AndroidManifest.xml:67:13-116
125                android:name="android.app.bundled_libs_resource_id"
125-->src\main\AndroidManifest.xml:67:24-75
126                android:resource="@array/bundled_libs" />
126-->src\main\AndroidManifest.xml:67:76-114
127            <!-- Deploy Qt libs as part of package -->
128            <meta-data
128-->src\main\AndroidManifest.xml:69:13-91
129                android:name="android.app.bundle_local_qt_libs"
129-->src\main\AndroidManifest.xml:69:24-71
130                android:value="1" />
130-->src\main\AndroidManifest.xml:69:72-89
131            <meta-data
131-->src\main\AndroidManifest.xml:70:13-120
132                android:name="android.app.bundled_in_lib_resource_id"
132-->src\main\AndroidManifest.xml:70:24-77
133                android:resource="@array/bundled_in_lib" />
133-->src\main\AndroidManifest.xml:70:78-118
134            <meta-data
134-->src\main\AndroidManifest.xml:71:13-126
135                android:name="android.app.bundled_in_assets_resource_id"
135-->src\main\AndroidManifest.xml:71:24-80
136                android:resource="@array/bundled_in_assets" />
136-->src\main\AndroidManifest.xml:71:81-124
137            <!-- Run with local libs -->
138            <meta-data
138-->src\main\AndroidManifest.xml:73:13-88
139                android:name="android.app.use_local_qt_libs"
139-->src\main\AndroidManifest.xml:73:24-68
140                android:value="1" />
140-->src\main\AndroidManifest.xml:73:69-86
141            <meta-data
141-->src\main\AndroidManifest.xml:74:13-100
142                android:name="android.app.libs_prefix"
142-->src\main\AndroidManifest.xml:74:24-62
143                android:value="/data/local/tmp/qt/" />
143-->src\main\AndroidManifest.xml:74:63-98
144            <meta-data
144-->src\main\AndroidManifest.xml:75:13-165
145                android:name="android.app.load_local_libs"
145-->src\main\AndroidManifest.xml:75:24-66
146                android:value="plugins/platforms/android/libqtforandroid.so:plugins/bearer/libqandroidbearer.so" />
146-->src\main\AndroidManifest.xml:75:67-163
147            <meta-data
147-->src\main\AndroidManifest.xml:76:13-150
148                android:name="android.app.load_local_jars"
148-->src\main\AndroidManifest.xml:76:24-66
149                android:value="jar/QtAndroid.jar:jar/QtAndroidExtras.jar:jar/QtAndroidBearer.jar" />
149-->src\main\AndroidManifest.xml:76:67-148
150            <meta-data
150-->src\main\AndroidManifest.xml:77:13-89
151                android:name="android.app.static_init_classes"
151-->src\main\AndroidManifest.xml:77:24-70
152                android:value="" />
152-->src\main\AndroidManifest.xml:77:71-87
153            <!-- Messages maps -->
154            <meta-data
154-->src\main\AndroidManifest.xml:79:13-122
155                android:name="android.app.ministro_not_found_msg"
155-->src\main\AndroidManifest.xml:79:71-120
156                android:value="@string/ministro_not_found_msg" />
156-->src\main\AndroidManifest.xml:79:24-70
157            <meta-data
157-->src\main\AndroidManifest.xml:80:13-116
158                android:name="android.app.ministro_needed_msg"
158-->src\main\AndroidManifest.xml:80:68-114
159                android:value="@string/ministro_needed_msg" />
159-->src\main\AndroidManifest.xml:80:24-67
160            <meta-data
160-->src\main\AndroidManifest.xml:81:13-108
161                android:name="android.app.fatal_error_msg"
161-->src\main\AndroidManifest.xml:81:64-106
162                android:value="@string/fatal_error_msg" />
162-->src\main\AndroidManifest.xml:81:24-63
163            <!-- Messages maps -->
164
165
166            <!-- Background running -->
167            <meta-data
167-->src\main\AndroidManifest.xml:85:13-92
168                android:name="android.app.background_running"
168-->src\main\AndroidManifest.xml:85:24-69
169                android:value="true" />
169-->src\main\AndroidManifest.xml:85:70-90
170            <!-- Background running -->
171        </service>
172
173        <provider
173-->[:image_picker] AndroidManifest.xml:11:9-19:20
174            android:name="io.flutter.plugins.imagepicker.ImagePickerFileProvider"
174-->[:image_picker] AndroidManifest.xml:12:13-82
175            android:authorities="cc.retroshare.retroshare.flutter.image_provider"
175-->[:image_picker] AndroidManifest.xml:13:13-74
176            android:exported="false"
176-->[:image_picker] AndroidManifest.xml:14:13-37
177            android:grantUriPermissions="true" >
177-->[:image_picker] AndroidManifest.xml:15:13-47
178            <meta-data
178-->[:image_picker] AndroidManifest.xml:16:13-18:75
179                android:name="android.support.FILE_PROVIDER_PATHS"
179-->[:image_picker] AndroidManifest.xml:17:17-67
180                android:resource="@xml/flutter_image_picker_file_paths" />
180-->[:image_picker] AndroidManifest.xml:18:17-72
181        </provider>
182    </application>
183
184</manifest>